<?xml version="1.0" encoding="UTF-8"?>
<!-- Generated by org.testng.reporters.JUnitXMLReporter -->
<testsuite ignored="0" hostname="DESKTOP-BK9CP9I" failures="1" tests="4" name="Test" time="0.237" errors="0" timestamp="2024-04-11T13:49:27 IST">
  <testcase classname="TestNG.testcaseexample" name="method1" time="0.027"/>
  <testcase classname="TestNG.testcaseexample" name="method2" time="0.028">
    <failure type="java.lang.AssertionError" message="expected [true] but found [false]">
      <![CDATA[java.lang.AssertionError: expected [true] but found [false]
at TestNG.testcaseexample.method2(testcaseexample.java:19)
at java.base/java.util.ArrayList.forEach(ArrayList.java:1596)
... Removed 29 stack frames]]>
    </failure>
  </testcase> <!-- method2 -->
  <testcase classname="TestNG.testcaseexample" name="method3" time="0.001"/>
  <testcase classname="TestNG.testcaseexample" name="method4" time="0.002">
    <skipped/>
  </testcase> <!-- method4 -->
</testsuite> <!-- Test -->
