<?xml version="1.0" encoding="UTF-8"?>
<testng-results ignored="0" total="4" passed="4" failed="0" skipped="0">
  <reporter-output>
  </reporter-output>
  <suite started-at="2024-04-15T12:34:15 IST" name="Default suite" finished-at="2024-04-15T12:34:16 IST" duration-ms="978">
    <groups>
    </groups>
    <test started-at="2024-04-15T12:34:15 IST" name="Default test" finished-at="2024-04-15T12:34:16 IST" duration-ms="978">
      <class name="menuberger.Exten">
        <test-method is-config="true" signature="beforeTest()[pri:0, instance:menuberger.Exten@1e81f160]" started-at="2024-04-15T12:34:15 IST" name="beforeTest" finished-at="2024-04-15T12:34:15 IST" duration-ms="234" status="PASS">
          <reporter-output>
          </reporter-output>
        </test-method> <!-- beforeTest -->
        <test-method signature="f1()[pri:1, instance:menuberger.Exten@1e81f160]" started-at="2024-04-15T12:34:15 IST" name="f1" finished-at="2024-04-15T12:34:15 IST" duration-ms="27" status="PASS">
          <reporter-output>
          </reporter-output>
        </test-method> <!-- f1 -->
        <test-method signature="f3()[pri:2, instance:menuberger.Exten@1e81f160]" started-at="2024-04-15T12:34:15 IST" name="f3" finished-at="2024-04-15T12:34:15 IST" duration-ms="32" status="PASS">
          <reporter-output>
          </reporter-output>
        </test-method> <!-- f3 -->
        <test-method signature="f2()[pri:3, instance:menuberger.Exten@1e81f160]" started-at="2024-04-15T12:34:15 IST" name="f2" finished-at="2024-04-15T12:34:15 IST" duration-ms="2" status="PASS">
          <reporter-output>
          </reporter-output>
        </test-method> <!-- f2 -->
        <test-method signature="f4()[pri:4, instance:menuberger.Exten@1e81f160]" started-at="2024-04-15T12:34:15 IST" name="f4" finished-at="2024-04-15T12:34:15 IST" duration-ms="7" status="PASS">
          <reporter-output>
          </reporter-output>
        </test-method> <!-- f4 -->
        <test-method is-config="true" signature="afterTest()[pri:0, instance:menuberger.Exten@1e81f160]" started-at="2024-04-15T12:34:15 IST" name="afterTest" finished-at="2024-04-15T12:34:16 IST" duration-ms="583" status="PASS">
          <reporter-output>
          </reporter-output>
        </test-method> <!-- afterTest -->
      </class> <!-- menuberger.Exten -->
    </test> <!-- Default test -->
  </suite> <!-- Default suite -->
</testng-results>
